# JRE version: OpenJDK Runtime Environment (11.0+28) (build 11+28-Ubuntu-3ubuntu2)
# Java VM: OpenJDK 64-Bit Server VM (11+28-Ubuntu-3ubuntu2, mixed mode, sharing, tiered, compressed oops, g1 gc, linux-amd64)
Heap:
 garbage-first heap   total 256000K, used 31634K [0x0000000708800000, 0x0000000800000000)
  region size 1024K, 11 young (11264K), 3 survivors (3072K)
 Metaspace       used 2763K, capacity 4759K, committed 4864K, reserved 1056768K
  class space    used 256K, capacity 458K, committed 512K, reserved 1048576K
GC Heap History (8 events):
Event: 0.570 GC heap before
{Heap before GC invocations=0 (full 0):
 garbage-first heap   total 256000K, used 14972K [0x0000000708800000, 0x0000000800000000)
  region size 1024K, 14 young (14336K), 0 survivors (0K)
 Metaspace       used 2705K, capacity 4759K, committed 4864K, reserved 1056768K
  class space    used 253K, capacity 458K, committed 512K, reserved 1048576K
}
Event: 0.584 GC heap after
{Heap after GC invocations=1 (full 0):
 garbage-first heap   total 256000K, used 4633K [0x0000000708800000, 0x0000000800000000)
  region size 1024K, 2 young (2048K), 2 survivors (2048K)
 Metaspace       used 2705K, capacity 4759K, committed 4864K, reserved 1056768K
  class space    used 253K, capacity 458K, committed 512K, reserved 1048576K
}
Event: 0.642 GC heap before
{Heap before GC invocations=1 (full 0):
 garbage-first heap   total 256000K, used 19993K [0x0000000708800000, 0x0000000800000000)
  region size 1024K, 17 young (17408K), 2 survivors (2048K)
 Metaspace       used 2707K, capacity 4759K, committed 4864K, reserved 1056768K
  class space    used 253K, capacity 458K, committed 512K, reserved 1048576K
}
Event: 0.653 GC heap after
{Heap after GC invocations=2 (full 0):
 garbage-first heap   total 256000K, used 9852K [0x0000000708800000, 0x0000000800000000)
  region size 1024K, 3 young (3072K), 3 survivors (3072K)
 Metaspace       used 2707K, capacity 4759K, committed 4864K, reserved 1056768K
  class space    used 253K, capacity 458K, committed 512K, reserved 1048576K
}
Event: 0.710 GC heap before
{Heap before GC invocations=2 (full 0):
 garbage-first heap   total 256000K, used 27260K [0x0000000708800000, 0x0000000800000000)
  region size 1024K, 20 young (20480K), 3 survivors (3072K)
 Metaspace       used 2730K, capacity 4759K, committed 4864K, reserved 1056768K
  class space    used 253K, capacity 458K, committed 512K, reserved 1048576K
}
Event: 0.733 GC heap after
{Heap after GC invocations=3 (full 0):
 garbage-first heap   total 256000K, used 16349K [0x0000000708800000, 0x0000000800000000)
  region size 1024K, 3 young (3072K), 3 survivors (3072K)
 Metaspace       used 2730K, capacity 4759K, committed 4864K, reserved 1056768K
  class space    used 253K, capacity 458K, committed 512K, reserved 1048576K
}
Event: 0.792 GC heap before
{Heap before GC invocations=3 (full 0):
 garbage-first heap   total 256000K, used 35805K [0x0000000708800000, 0x0000000800000000)
  region size 1024K, 22 young (22528K), 3 survivors (3072K)
 Metaspace       used 2735K, capacity 4759K, committed 4864K, reserved 1056768K
  class space    used 253K, capacity 458K, committed 512K, reserved 1048576K
}
Event: 0.815 GC heap after
{Heap after GC invocations=4 (full 0):
 garbage-first heap   total 256000K, used 24466K [0x0000000708800000, 0x0000000800000000)
  region size 1024K, 3 young (3072K), 3 survivors (3072K)
 Metaspace       used 2735K, capacity 4759K, committed 4864K, reserved 1056768K
  class space    used 253K, capacity 458K, committed 512K, reserved 1048576K
}

